<?xml version="1.0" encoding="UTF-8"?>
<!-- Generated by org.testng.reporters.JUnitReportReporter -->
<testsuite skipped="0" hostname="CLDmamanrique01" name="Test.Tests" tests="3" failures="0" timestamp="17 Oct 2018 22:09:27 GMT" time="83.315" errors="0">
  <testcase name="minAssigneeInfoNoState" time="25.241" classname="Test.Tests"/>
  <testcase name="minAssigneeInfoDependent" time="29.288" classname="Test.Tests"/>
  <testcase name="minAssigneeInfoState" time="28.786" classname="Test.Tests"/>
</testsuite> <!-- Test.Tests -->
